<?xml version="1.0" encoding="UTF-8"?>
<testsuite xmlns:xsi="http://www.w3.org/2001/XMLSchema-instance" xsi:noNamespaceSchemaLocation="https://maven.apache.org/surefire/maven-surefire-plugin/xsd/surefire-test-report-3.0.xsd" version="3.0" name="com.interview.mcp.McpClientServiceTest" time="0.715" tests="1" errors="0" skipped="0" failures="0">
  <properties>
[...]
</properties>
  <testcase name="contextLoads" classname="com.interview.mcp.McpClientServiceTest" time="0.008">
    <system-out><![CDATA[2025-09-21 00:10:24 - Could not detect default configuration classes for test class [com.interview.mcp.McpClientServiceTest]: McpClientServiceTest does not declare any static, non-private, non-final, nested classes annotated with @Configuration.
2025-09-21 00:10:24 - Found @SpringBootConfiguration com.interview.mcp.McpClientApplication for test class com.interview.mcp.McpClientServiceTest

  .   ____          _            __ _ _
 /\\ / ___'_ __ _ _(_)_ __  __ _ \ \ \ \
( ( )\___ | '_ | '_| | '_ \/ _` | \ \ \ \
 \\/  ___)| |_)| | | | | || (_| |  ) ) ) )
  '  |____| .__|_| |_|_| |_\__, | / / / /
 =========|_|==============|___/=/_/_/_/
 :: Spring Boot ::                (v3.2.0)

2025-09-21 00:10:24 - Starting McpClientServiceTest using Java 20.0.2 with PID 37300 (started by Spars in D:\Task-2\mcp-spring-boot-client_v2)
2025-09-21 00:10:24 - Running with Spring Boot v3.2.0, Spring v6.1.1
2025-09-21 00:10:24 - No active profile set, falling back to 1 default profile: "default"
2025-09-21 00:10:24 - Initializing MCP Client Service with 0 configured servers
2025-09-21 00:10:24 - Started McpClientServiceTest in 0.679 seconds (process running for 4.376)
]]></system-out>
  </testcase>
</testsuite>